2023-06-15 00:01:49,549 [INFO] Gpio:273 - dependency for GPIO [RCC, SYS, USART2]
2023-06-15 00:02:04,874 [INFO] Gpio:273 - dependency for GPIO [RCC, SYS, USART2]
2023-06-15 00:02:04,920 [INFO] NvicIntPanel:101 - NVIC parent = com.st.microxplorer.plugins.ip.nvic.MultiNvicIntPanel[,0,0,0x0,invalid,layout=javax.swing.BoxLayout,alignmentX=0.0,alignmentY=0.0,border=,flags=9,maximumSize=,minimumSize=,preferredSize=]
2023-06-15 00:06:19,508 [INFO] UtilMem:75 - End SaveConfig() Used Memory: 518809504 Bytes (650117120)
2023-06-15 00:06:20,769 [INFO] UtilMem:75 - End SaveConfig() Used Memory: 558542352 Bytes (650117120)
2023-06-15 00:06:23,154 [INFO] UtilMem:75 - End SaveConfig() Used Memory: 334730136 Bytes (650117120)
2023-06-15 00:06:23,822 [INFO] BlockDiagram:2759 - set Specific Code input for plugin: SYS
2023-06-15 00:06:23,822 [INFO] BlockDiagram:2759 - set Specific Code input for plugin: RCC
2023-06-15 00:06:23,822 [INFO] BlockDiagram:2759 - set Specific Code input for plugin: NVIC
2023-06-15 00:06:23,822 [INFO] BlockDiagram:2759 - set Specific Code input for plugin: USART
2023-06-15 00:06:23,823 [INFO] BlockDiagram:2759 - set Specific Code input for plugin: GPIO
2023-06-15 00:06:23,824 [INFO] CodeGenerator:793 - code generatio: config db path: C:\ST\STM32CubeIDE_1.12.1\STM32CubeIDE\plugins\com.st.stm32cube.common.mx_6.8.1.202304191431\\db\
2023-06-15 00:06:24,278 [INFO] CodeEngine:255 - oldGeneratedFile, C:\Users\IftekharulAlam\STM32CubeIDE\workspace_1.12.1\blinky\MXTmpFiles\license.tmp_save
2023-06-15 00:06:24,727 [INFO] CodeEngine:279 - Generated code: C:\Users\IftekharulAlam\STM32CubeIDE\workspace_1.12.1\blinky\MXTmpFiles\license.tmp
2023-06-15 00:06:24,813 [INFO] CodeEngine:255 - oldGeneratedFile, C:\Users\IftekharulAlam\STM32CubeIDE\workspace_1.12.1\blinky\MXTmpFiles\gpio.tmp_save
2023-06-15 00:06:24,941 [INFO] CodeEngine:279 - Generated code: C:\Users\IftekharulAlam\STM32CubeIDE\workspace_1.12.1\blinky\MXTmpFiles\gpio.tmp
2023-06-15 00:06:25,087 [INFO] CodeEngine:255 - oldGeneratedFile, C:\Users\IftekharulAlam\STM32CubeIDE\workspace_1.12.1\blinky\Core\Src\stm32f4xx_it.c_save
2023-06-15 00:06:25,217 [INFO] CodeEngine:279 - Generated code: C:\Users\IftekharulAlam\STM32CubeIDE\workspace_1.12.1\blinky\Core\Src\stm32f4xx_it.c
2023-06-15 00:06:25,229 [INFO] CodeEngine:255 - oldGeneratedFile, C:\Users\IftekharulAlam\STM32CubeIDE\workspace_1.12.1\blinky\Core\Inc\stm32f4xx_it.h_save
2023-06-15 00:06:25,312 [INFO] CodeEngine:279 - Generated code: C:\Users\IftekharulAlam\STM32CubeIDE\workspace_1.12.1\blinky\Core\Inc\stm32f4xx_it.h
2023-06-15 00:06:25,358 [INFO] CodeEngine:255 - oldGeneratedFile, C:\Users\IftekharulAlam\STM32CubeIDE\workspace_1.12.1\blinky\Core\Src\stm32f4xx_hal_msp.c_save
2023-06-15 00:06:25,480 [INFO] CodeEngine:279 - Generated code: C:\Users\IftekharulAlam\STM32CubeIDE\workspace_1.12.1\blinky\Core\Src\stm32f4xx_hal_msp.c
2023-06-15 00:06:25,492 [INFO] CodeEngine:255 - oldGeneratedFile, C:\Users\IftekharulAlam\STM32CubeIDE\workspace_1.12.1\blinky\MXTmpFiles\system.tmp_save
2023-06-15 00:06:25,560 [INFO] CodeEngine:279 - Generated code: C:\Users\IftekharulAlam\STM32CubeIDE\workspace_1.12.1\blinky\MXTmpFiles\system.tmp
2023-06-15 00:06:25,597 [INFO] CodeEngine:311 - oldGeneratedFile, C:\Users\IftekharulAlam\STM32CubeIDE\workspace_1.12.1\blinky\Core\Inc\stm32f4xx_hal_conf.h_save
2023-06-15 00:06:25,709 [INFO] CodeEngine:335 - Generated code: C:\Users\IftekharulAlam\STM32CubeIDE\workspace_1.12.1\blinky\Core\Inc\stm32f4xx_hal_conf.h
2023-06-15 00:06:25,747 [WARN] IPConfigManager:2937 - Warning: the RefConfig PLL2P_FOR_MCO is not available in your config.xml file
2023-06-15 00:06:25,791 [INFO] CodeEngine:255 - oldGeneratedFile, C:\Users\IftekharulAlam\STM32CubeIDE\workspace_1.12.1\blinky\Core\Inc\main.h_save
2023-06-15 00:06:25,902 [INFO] CodeEngine:279 - Generated code: C:\Users\IftekharulAlam\STM32CubeIDE\workspace_1.12.1\blinky\Core\Inc\main.h
2023-06-15 00:06:25,925 [INFO] CodeEngine:255 - oldGeneratedFile, C:\Users\IftekharulAlam\STM32CubeIDE\workspace_1.12.1\blinky\Core\Src\main.c_save
2023-06-15 00:06:26,084 [INFO] CodeEngine:279 - Generated code: C:\Users\IftekharulAlam\STM32CubeIDE\workspace_1.12.1\blinky\Core\Src\main.c
2023-06-15 00:06:27,009 [INFO] ProjectBuilder:2996 - Time for Copy HAL[1] : 223mS.
2023-06-15 00:06:27,024 [INFO] ProjectBuilder:4304 - Project Generator version: 3.19.2
2023-06-15 00:06:27,437 [INFO] ConfigFileManager:1483 - The Die is : DIE421
2023-06-15 00:06:27,463 [INFO] ApiDbMcu:507 - Load IP Config File for FATFS
2023-06-15 00:06:27,566 [INFO] ApiDbMcu:507 - Load IP Config File for FREERTOS
2023-06-15 00:06:27,576 [INFO] ApiDbMcu:507 - Load IP Config File for LIBJPEG
2023-06-15 00:06:27,590 [INFO] ApiDbMcu:507 - Load IP Config File for MBEDTLS
2023-06-15 00:06:27,611 [INFO] ApiDbMcu:507 - Load IP Config File for USB_DEVICE
2023-06-15 00:06:27,623 [INFO] ApiDbMcu:507 - Load IP Config File for USB_HOST
